Arguments: 
  /usr/local/bin/node /usr/local/bin/yarn dev

PATH: 
  /users/rdavis/code/admin-cli:/users/rdavis/code/galileo-tools:/users/rdavis/code/scripts:/usr/local/bin:/usr/bin:/bin:/usr/sbin:/sbin:/usr/local/go/bin:/users/rdavis/code/admin-cli:/users/rdavis/code/galileo-tools:/users/rdavis/code/scripts:/Users/rdavis/go/bin:/Users/rdavis/code/admin-cli:/Users/rdavis/code/galileo-tools:/Users/rdavis/go/bin:/Users/rdavis/code/admin-cli:/Users/rdavis/code/galileo-tools

Yarn version: 
  1.22.10

Node version: 
  14.15.4

Platform: 
  darwin x64

Trace: 
  SyntaxError: /Users/rdavis/code/hackernews-node/package.json: Unexpected token } in JSON at position 262
      at JSON.parse (<anonymous>)
      at /usr/local/lib/node_modules/yarn/lib/cli.js:1625:59
      at Generator.next (<anonymous>)
      at step (/usr/local/lib/node_modules/yarn/lib/cli.js:310:30)
      at /usr/local/lib/node_modules/yarn/lib/cli.js:321:13

npm manifest: 
  {
    "name": "hackernews-node",
    "version": "1.0.0",
    "description": "",
    "main": "index.js",
    "scripts": {
      "dev": "npx nodemon src/index.js"
    },
    "keywords": [],
    "author": "",
    "license": "ISC",
    "dependencies": {
      "apollo-server": "^2.19.2",
    },
    "devDependencies": {
      "@prisma/cli": "^2.15.0",
      "nodemon": "^2.0.7"
    }
  }

yarn manifest: 
  No manifest

Lockfile: 
  No lockfile
